2024-08-18T16:35:06.137+02:00  INFO 21092 --- [facebook] [main] c.example.facebook.FacebookApplication   : Starting FacebookApplication using Java 22.0.1 with PID 21092 (C:\Users\Electronica Care\Downloads\facebook\facebook\target\classes started by Electronica Care in C:\Users\Electronica Care\Downloads\facebook\facebook)
2024-08-18T16:35:06.141+02:00  INFO 21092 --- [facebook] [main] c.example.facebook.FacebookApplication   : No active profile set, falling back to 1 default profile: "default"
2024-08-18T16:35:07.691+02:00  INFO 21092 --- [facebook] [main] .s.d.r.c.RepositoryConfigurationDelegate : Bootstrapping Spring Data JPA repositories in DEFAULT mode.
2024-08-18T16:35:07.822+02:00  INFO 21092 --- [facebook] [main] .s.d.r.c.RepositoryConfigurationDelegate : Finished Spring Data repository scanning in 118 ms. Found 6 JPA repository interfaces.
2024-08-18T16:35:08.862+02:00  INFO 21092 --- [facebook] [main] o.s.b.w.embedded.tomcat.TomcatWebServer  : Tomcat initialized with port 8080 (http)
2024-08-18T16:35:08.886+02:00  INFO 21092 --- [facebook] [main] o.apache.catalina.core.StandardService   : Starting service [Tomcat]
2024-08-18T16:35:08.887+02:00  INFO 21092 --- [facebook] [main] o.apache.catalina.core.StandardEngine    : Starting Servlet engine: [Apache Tomcat/10.1.26]
2024-08-18T16:35:09.013+02:00  INFO 21092 --- [facebook] [main] o.a.c.c.C.[Tomcat].[localhost].[/]       : Initializing Spring embedded WebApplicationContext
2024-08-18T16:35:09.014+02:00  INFO 21092 --- [facebook] [main] w.s.c.ServletWebServerApplicationContext : Root WebApplicationContext: initialization completed in 2787 ms
2024-08-18T16:35:09.352+02:00  INFO 21092 --- [facebook] [main] o.hibernate.jpa.internal.util.LogHelper  : HHH000204: Processing PersistenceUnitInfo [name: default]
2024-08-18T16:35:09.473+02:00  INFO 21092 --- [facebook] [main] org.hibernate.Version                    : HHH000412: Hibernate ORM core version 6.5.2.Final
2024-08-18T16:35:09.559+02:00  INFO 21092 --- [facebook] [main] o.h.c.internal.RegionFactoryInitiator    : HHH000026: Second-level cache disabled
2024-08-18T16:35:10.112+02:00  INFO 21092 --- [facebook] [main] o.s.o.j.p.SpringPersistenceUnitInfo      : No LoadTimeWeaver setup: ignoring JPA class transformer
2024-08-18T16:35:10.159+02:00  INFO 21092 --- [facebook] [main] com.zaxxer.hikari.HikariDataSource       : HikariPool-1 - Starting...
2024-08-18T16:35:10.687+02:00  INFO 21092 --- [facebook] [main] com.zaxxer.hikari.pool.HikariPool        : HikariPool-1 - Added connection com.mysql.cj.jdbc.ConnectionImpl@b2da3a5
2024-08-18T16:35:10.690+02:00  INFO 21092 --- [facebook] [main] com.zaxxer.hikari.HikariDataSource       : HikariPool-1 - Start completed.
2024-08-18T16:35:12.327+02:00  INFO 21092 --- [facebook] [main] o.h.e.t.j.p.i.JtaPlatformInitiator       : HHH000489: No JTA platform available (set 'hibernate.transaction.jta.platform' to enable JTA platform integration)
2024-08-18T16:35:12.560+02:00  INFO 21092 --- [facebook] [main] j.LocalContainerEntityManagerFactoryBean : Initialized JPA EntityManagerFactory for persistence unit 'default'
2024-08-18T16:35:13.116+02:00  INFO 21092 --- [facebook] [main] o.s.d.j.r.query.QueryEnhancerFactory     : Hibernate is in classpath; If applicable, HQL parser will be used.
2024-08-18T16:35:13.279+02:00  WARN 21092 --- [facebook] [main] o.s.aop.framework.CglibAopProxy          : Unable to proxy interface-implementing method [public final com.example.facebook.entity.User com.example.facebook.service.impl.UserServiceImpl.getAuthenticatedUser()] because it is marked as final, consider using interface-based JDK proxies instead.
2024-08-18T16:35:13.457+02:00  INFO 21092 --- [facebook] [main] r$InitializeUserDetailsManagerConfigurer : Global AuthenticationManager configured with UserDetailsService bean with name customUserDetailService
2024-08-18T16:35:13.638+02:00  WARN 21092 --- [facebook] [main] JpaBaseConfiguration$JpaWebConfiguration : spring.jpa.open-in-view is enabled by default. Therefore, database queries may be performed during view rendering. Explicitly configure spring.jpa.open-in-view to disable this warning
2024-08-18T16:35:14.621+02:00  INFO 21092 --- [facebook] [main] o.s.b.w.embedded.tomcat.TomcatWebServer  : Tomcat started on port 8080 (http) with context path '/'
2024-08-18T16:35:14.635+02:00  INFO 21092 --- [facebook] [main] c.example.facebook.FacebookApplication   : Started FacebookApplication in 9.515 seconds (process running for 10.214)
2024-08-18T16:35:20.252+02:00  INFO 21092 --- [facebook] [SpringApplicationShutdownHook] j.LocalContainerEntityManagerFactoryBean : Closing JPA EntityManagerFactory for persistence unit 'default'
2024-08-18T16:35:20.257+02:00  INFO 21092 --- [facebook] [SpringApplicationShutdownHook] com.zaxxer.hikari.HikariDataSource       : HikariPool-1 - Shutdown initiated...
2024-08-18T16:35:20.284+02:00  INFO 21092 --- [facebook] [SpringApplicationShutdownHook] com.zaxxer.hikari.HikariDataSource       : HikariPool-1 - Shutdown completed.
